[2018-08-22 17:24:33] local.ERROR: Symfony\Component\Debug\Exception\FatalThrowableError: Class 'App\Http\Controllers\UtilityController1' not found in C:\Users\chris\Desktop\cs-backend-api\app\Http\Controllers\ContentController.php:418
Stack trace:
#0 [internal function]: App\Http\Controllers\ContentController->hotContent()
#1 C:\Users\chris\Desktop\cs-backend-api\vendor\illuminate\container\BoundMethod.php(29): call_user_func_array(Array, Array)
#2 C:\Users\chris\Desktop\cs-backend-api\vendor\illuminate\container\BoundMethod.php(87): Illuminate\Container\BoundMethod::Illuminate\Container\{closure}()
#3 C:\Users\chris\Desktop\cs-backend-api\vendor\illuminate\container\BoundMethod.php(31): Illuminate\Container\BoundMethod::callBoundMethod(Object(Laravel\Lumen\Application), Array, Object(Closure))
#4 C:\Users\chris\Desktop\cs-backend-api\vendor\illuminate\container\Container.php(564): Illuminate\Container\BoundMethod::call(Object(Laravel\Lumen\Application), Array, Array, NULL)
#5 C:\Users\chris\Desktop\cs-backend-api\vendor\laravel\lumen-framework\src\Concerns\RoutesRequests.php(373): Illuminate\Container\Container->call(Array, Array)
#6 C:\Users\chris\Desktop\cs-backend-api\vendor\laravel\lumen-framework\src\Concerns\RoutesRequests.php(339): Laravel\Lumen\Application->callControllerCallable(Array, Array)
#7 C:\Users\chris\Desktop\cs-backend-api\vendor\laravel\lumen-framework\src\Concerns\RoutesRequests.php(313): Laravel\Lumen\Application->callLumenController(Object(App\Http\Controllers\ContentController), 'hotContent', Array)
#8 C:\Users\chris\Desktop\cs-backend-api\vendor\laravel\lumen-framework\src\Concerns\RoutesRequests.php(275): Laravel\Lumen\Application->callControllerAction(Array)
#9 C:\Users\chris\Desktop\cs-backend-api\vendor\laravel\lumen-framework\src\Concerns\RoutesRequests.php(255): Laravel\Lumen\Application->callActionOnArrayBasedRoute(Array)
#10 [internal function]: Laravel\Lumen\Application->Laravel\Lumen\Concerns\{closure}(Object(Illuminate\Http\Request))
#11 C:\Users\chris\Desktop\cs-backend-api\vendor\laravel\lumen-framework\src\Routing\Pipeline.php(52): call_user_func(Object(Closure), Object(Illuminate\Http\Request))
#12 C:\Users\chris\Desktop\cs-backend-api\app\Http\Middleware\CorsMiddleware.php(25): Laravel\Lumen\Routing\Pipeline->Laravel\Lumen\Routing\{closure}(Object(Illuminate\Http\Request))
#13 C:\Users\chris\Desktop\cs-backend-api\vendor\illuminate\pipeline\Pipeline.php(151): App\Http\Middleware\CorsMiddleware->handle(Object(Illuminate\Http\Request), Object(Closure))
#14 [internal function]: Illuminate\Pipeline\Pipeline->Illuminate\Pipeline\{closure}(Object(Illuminate\Http\Request))
#15 C:\Users\chris\Desktop\cs-backend-api\vendor\laravel\lumen-framework\src\Routing\Pipeline.php(32): call_user_func(Object(Closure), Object(Illuminate\Http\Request))
#16 C:\Users\chris\Desktop\cs-backend-api\vendor\illuminate\pipeline\Pipeline.php(104): Laravel\Lumen\Routing\Pipeline->Laravel\Lumen\Routing\{closure}(Object(Illuminate\Http\Request))
#17 C:\Users\chris\Desktop\cs-backend-api\vendor\laravel\lumen-framework\src\Concerns\RoutesRequests.php(410): Illuminate\Pipeline\Pipeline->then(Object(Closure))
#18 C:\Users\chris\Desktop\cs-backend-api\vendor\laravel\lumen-framework\src\Concerns\RoutesRequests.php(256): Laravel\Lumen\Application->sendThroughPipeline(Array, Object(Closure))
#19 C:\Users\chris\Desktop\cs-backend-api\vendor\laravel\lumen-framework\src\Concerns\RoutesRequests.php(160): Laravel\Lumen\Application->handleFoundRoute(Array)
#20 C:\Users\chris\Desktop\cs-backend-api\vendor\laravel\lumen-framework\src\Concerns\RoutesRequests.php(413): Laravel\Lumen\Application->Laravel\Lumen\Concerns\{closure}()
#21 C:\Users\chris\Desktop\cs-backend-api\vendor\laravel\lumen-framework\src\Concerns\RoutesRequests.php(166): Laravel\Lumen\Application->sendThroughPipeline(Array, Object(Closure))
#22 C:\Users\chris\Desktop\cs-backend-api\vendor\laravel\lumen-framework\src\Concerns\RoutesRequests.php(107): Laravel\Lumen\Application->dispatch(NULL)
#23 C:\Users\chris\Desktop\cs-backend-api\public\index.php(28): Laravel\Lumen\Application->run()
#24 {main} {"exception":"[object] (Symfony\\Component\\Debug\\Exception\\FatalThrowableError(code: 0): Class 'App\\Http\\Controllers\\UtilityController1' not found at C:\\Users\\chris\\Desktop\\cs-backend-api\\app\\Http\\Controllers\\ContentController.php:418)
[stacktrace]
#0 [internal function]: App\\Http\\Controllers\\ContentController->hotContent()
#1 C:\\Users\\chris\\Desktop\\cs-backend-api\\vendor\\illuminate\\container\\BoundMethod.php(29): call_user_func_array(Array, Array)
#2 C:\\Users\\chris\\Desktop\\cs-backend-api\\vendor\\illuminate\\container\\BoundMethod.php(87): Illuminate\\Container\\BoundMethod::Illuminate\\Container\\{closure}()
#3 C:\\Users\\chris\\Desktop\\cs-backend-api\\vendor\\illuminate\\container\\BoundMethod.php(31): Illuminate\\Container\\BoundMethod::callBoundMethod(Object(Laravel\\Lumen\\Application), Array, Object(Closure))
#4 C:\\Users\\chris\\Desktop\\cs-backend-api\\vendor\\illuminate\\container\\Container.php(564): Illuminate\\Container\\BoundMethod::call(Object(Laravel\\Lumen\\Application), Array, Array, NULL)
#5 C:\\Users\\chris\\Desktop\\cs-backend-api\\vendor\\laravel\\lumen-framework\\src\\Concerns\\RoutesRequests.php(373): Illuminate\\Container\\Container->call(Array, Array)
#6 C:\\Users\\chris\\Desktop\\cs-backend-api\\vendor\\laravel\\lumen-framework\\src\\Concerns\\RoutesRequests.php(339): Laravel\\Lumen\\Application->callControllerCallable(Array, Array)
#7 C:\\Users\\chris\\Desktop\\cs-backend-api\\vendor\\laravel\\lumen-framework\\src\\Concerns\\RoutesRequests.php(313): Laravel\\Lumen\\Application->callLumenController(Object(App\\Http\\Controllers\\ContentController), 'hotContent', Array)
#8 C:\\Users\\chris\\Desktop\\cs-backend-api\\vendor\\laravel\\lumen-framework\\src\\Concerns\\RoutesRequests.php(275): Laravel\\Lumen\\Application->callControllerAction(Array)
#9 C:\\Users\\chris\\Desktop\\cs-backend-api\\vendor\\laravel\\lumen-framework\\src\\Concerns\\RoutesRequests.php(255): Laravel\\Lumen\\Application->callActionOnArrayBasedRoute(Array)
#10 [internal function]: Laravel\\Lumen\\Application->Laravel\\Lumen\\Concerns\\{closure}(Object(Illuminate\\Http\\Request))
#11 C:\\Users\\chris\\Desktop\\cs-backend-api\\vendor\\laravel\\lumen-framework\\src\\Routing\\Pipeline.php(52): call_user_func(Object(Closure), Object(Illuminate\\Http\\Request))
#12 C:\\Users\\chris\\Desktop\\cs-backend-api\\app\\Http\\Middleware\\CorsMiddleware.php(25): Laravel\\Lumen\\Routing\\Pipeline->Laravel\\Lumen\\Routing\\{closure}(Object(Illuminate\\Http\\Request))
#13 C:\\Users\\chris\\Desktop\\cs-backend-api\\vendor\\illuminate\\pipeline\\Pipeline.php(151): App\\Http\\Middleware\\CorsMiddleware->handle(Object(Illuminate\\Http\\Request), Object(Closure))
#14 [internal function]: Illuminate\\Pipeline\\Pipeline->Illuminate\\Pipeline\\{closure}(Object(Illuminate\\Http\\Request))
#15 C:\\Users\\chris\\Desktop\\cs-backend-api\\vendor\\laravel\\lumen-framework\\src\\Routing\\Pipeline.php(32): call_user_func(Object(Closure), Object(Illuminate\\Http\\Request))
#16 C:\\Users\\chris\\Desktop\\cs-backend-api\\vendor\\illuminate\\pipeline\\Pipeline.php(104): Laravel\\Lumen\\Routing\\Pipeline->Laravel\\Lumen\\Routing\\{closure}(Object(Illuminate\\Http\\Request))
#17 C:\\Users\\chris\\Desktop\\cs-backend-api\\vendor\\laravel\\lumen-framework\\src\\Concerns\\RoutesRequests.php(410): Illuminate\\Pipeline\\Pipeline->then(Object(Closure))
#18 C:\\Users\\chris\\Desktop\\cs-backend-api\\vendor\\laravel\\lumen-framework\\src\\Concerns\\RoutesRequests.php(256): Laravel\\Lumen\\Application->sendThroughPipeline(Array, Object(Closure))
#19 C:\\Users\\chris\\Desktop\\cs-backend-api\\vendor\\laravel\\lumen-framework\\src\\Concerns\\RoutesRequests.php(160): Laravel\\Lumen\\Application->handleFoundRoute(Array)
#20 C:\\Users\\chris\\Desktop\\cs-backend-api\\vendor\\laravel\\lumen-framework\\src\\Concerns\\RoutesRequests.php(413): Laravel\\Lumen\\Application->Laravel\\Lumen\\Concerns\\{closure}()
#21 C:\\Users\\chris\\Desktop\\cs-backend-api\\vendor\\laravel\\lumen-framework\\src\\Concerns\\RoutesRequests.php(166): Laravel\\Lumen\\Application->sendThroughPipeline(Array, Object(Closure))
#22 C:\\Users\\chris\\Desktop\\cs-backend-api\\vendor\\laravel\\lumen-framework\\src\\Concerns\\RoutesRequests.php(107): Laravel\\Lumen\\Application->dispatch(NULL)
#23 C:\\Users\\chris\\Desktop\\cs-backend-api\\public\\index.php(28): Laravel\\Lumen\\Application->run()
#24 {main}
"} 
